<?xml version="1.0" encoding="utf-8"?><testsuites name="pytest tests"><testsuite name="pytest" errors="0" failures="0" skipped="0" tests="15" time="2.713" timestamp="2026-07-18T19:21:55.554819+00:00" hostname="agent-env-4de22498-c913-46c6-8c05-c89b30aa7030"><testcase classname="tests.test_clann_iteration6.TestAuthMeReturnsFullUser" name="test_me_returns_phone_city_role" time="0.297" /><testcase classname="tests.test_clann_iteration6.TestAuthMeReturnsFullUser" name="test_me_returns_organizer_fields" time="0.087" /><testcase classname="tests.test_clann_iteration6.TestAuthedFlows" name="test_save_and_unsave" time="0.703" /><testcase classname="tests.test_clann_iteration6.TestAuthMeReturnsFullUser" name="test_me_401_without_token" time="0.046" /><testcase classname="tests.test_clann_iteration6.TestAuthMeReturnsFullUser" name="test_me_401_with_bad_token" time="0.044" /><testcase classname="tests.test_clann_iteration6.TestAuthMeReturnsFullUser" name="test_me_401_when_session_expired" time="0.047" /><testcase classname="tests.test_clann_iteration6.TestAdminEventCRUDRegression" name="test_admin_login" time="0.045" /><testcase classname="tests.test_clann_iteration6.TestAdminEventCRUDRegression" name="test_create_get_update_delete" time="0.399" /><testcase classname="tests.test_clann_iteration6.TestAuthedFlows" name="test_register_and_reminder_prefs" time="0.615" /><testcase classname="tests.test_clann_iteration6.TestAdminEventCRUDRegression" name="test_list_sorted_by_date_asc" time="0.269" /><testcase classname="tests.test_clann_iteration6.TestAdminEventCRUDRegression" name="test_no_mongo_id_in_public_responses" time="0.047" /><testcase classname="tests.test_clann_iteration6.TestGovernmentFilterRegression" name="test_filter_true_and_false" time="0.223" /><testcase classname="tests.test_clann_iteration6.TestAuthedFlows" name="test_whatsapp_toggle_updates_user" time="0.272" /><testcase classname="tests.test_clann_iteration6.TestAuthedFlows" name="test_feedback_submit" time="0.118" /><testcase classname="tests.test_clann_iteration6.TestAuthedFlows" name="test_complete_profile_updates_phone" time="0.112" /></testsuite></testsuites>