<?xml version="1.0" encoding="utf-8"?><testsuites name="pytest tests"><testsuite name="pytest" errors="0" failures="0" skipped="0" tests="28" time="3.257" timestamp="2026-07-16T11:15:02.821977+00:00" hostname="agent-env-4de22498-c913-46c6-8c05-c89b30aa7030"><testcase classname="tests.test_clann_iteration2.TestAdminAuth" name="test_admin_login_success" time="0.286" /><testcase classname="tests.test_clann_iteration2.TestRegisterEvent" name="test_register_unauth" time="0.360" /><testcase classname="tests.test_clann_iteration2.TestAdminAuth" name="test_admin_login_wrong_password" time="0.088" /><testcase classname="tests.test_clann_iteration2.TestAdminAuth" name="test_admin_stats_requires_token" time="0.049" /><testcase classname="tests.test_clann_iteration2.TestRegisterEvent" name="test_register_and_list" time="0.187" /><testcase classname="tests.test_clann_iteration2.TestAdminAuth" name="test_admin_stats_with_token" time="0.135" /><testcase classname="tests.test_clann_iteration2.TestRegisterEvent" name="test_register_idempotent" time="0.223" /><testcase classname="tests.test_clann_iteration2.TestFeedback" name="test_submit_unauth" time="0.047" /><testcase classname="tests.test_clann_iteration2.TestFeedback" name="test_submit_valid" time="0.055" /><testcase classname="tests.test_clann_iteration2.TestFeedback" name="test_rating_out_of_range" time="0.096" /><testcase classname="tests.test_clann_iteration2.TestFeedback" name="test_text_clipped_to_300" time="0.048" /><testcase classname="tests.test_clann_iteration2.TestRegisterEvent" name="test_register_nonexistent_event" time="0.051" /><testcase classname="tests.test_clann_iteration2.TestWhatsAppToggle" name="test_toggle_unauth_401" time="0.046" /><testcase classname="tests.test_clann_iteration2.TestRegisterEvent" name="test_registered_unauth" time="0.048" /><testcase classname="tests.test_clann_iteration2.TestWhatsAppToggle" name="test_toggle_enabled_true" time="0.082" /><testcase classname="tests.test_clann_iteration2.TestCompleteProfile" name="test_complete_profile_without_phone" time="0.057" /><testcase classname="tests.test_clann_iteration2.TestCompleteProfile" name="test_complete_profile_with_phone" time="0.093" /><testcase classname="tests.test_clann_iteration2.TestWhatsAppToggle" name="test_toggle_enabled_false" time="0.050" /><testcase classname="tests.test_clann_iteration2.TestEventReminderToggle" name="test_unauth" time="0.047" /><testcase classname="tests.test_clann_iteration2.TestCompleteProfile" name="test_complete_profile_unauth" time="0.049" /><testcase classname="tests.test_clann_iteration2.TestEventReminderToggle" name="test_toggle_on_and_off" time="0.251" /><testcase classname="tests.test_clann_iteration2.TestHealth" name="test_root" time="0.049" /><testcase classname="tests.test_clann_iteration2.TestHealth" name="test_list_events" time="0.051" /><testcase classname="tests.test_clann_iteration2.TestSaveFlow" name="test_save_flow" time="0.303" /><testcase classname="tests.test_clann_iteration2.TestEventReminderToggle" name="test_reminder_prefs_unauth" time="0.088" /><testcase classname="tests.test_clann_iteration2.TestAdminFeedback" name="test_admin_feedback_requires_token" time="0.087" /><testcase classname="tests.test_clann_iteration2.TestAdminFeedback" name="test_admin_feedback_with_token" time="0.107" /><testcase classname="tests.test_clann_iteration2.TestEventCRUD" name="test_create_event_empty_external_link" time="0.477" /></testsuite></testsuites>