<?xml version="1.0" encoding="utf-8"?><testsuites name="pytest tests"><testsuite name="pytest" errors="0" failures="0" skipped="0" tests="35" time="3.491" timestamp="2026-07-16T12:20:52.295304+00:00" hostname="agent-env-4de22498-c913-46c6-8c05-c89b30aa7030"><testcase classname="tests.test_clann_iteration2.TestRegisterEvent" name="test_register_unauth" time="0.332" /><testcase classname="tests.test_clann_iteration4.TestIsGovernmentField" name="test_create_event_with_is_government_true" time="0.370" /><testcase classname="tests.test_clann_iteration2.TestRegisterEvent" name="test_register_and_list" time="0.232" /><testcase classname="tests.test_clann_iteration4.TestIsGovernmentField" name="test_create_event_default_is_government_false" time="0.104" /><testcase classname="tests.test_clann_iteration4.TestIsGovernmentField" name="test_list_filter_is_government_true" time="0.292" /><testcase classname="tests.test_clann_iteration2.TestRegisterEvent" name="test_register_idempotent" time="0.212" /><testcase classname="tests.test_clann_iteration4.TestIsGovernmentField" name="test_list_filter_is_government_false" time="0.260" /><testcase classname="tests.test_clann_iteration2.TestRegisterEvent" name="test_register_nonexistent_event" time="0.101" /><testcase classname="tests.test_clann_iteration2.TestRegisterEvent" name="test_registered_unauth" time="0.056" /><testcase classname="tests.test_clann_iteration2.TestAdminAuth" name="test_admin_login_success" time="0.100" /><testcase classname="tests.test_clann_iteration4.TestIsGovernmentField" name="test_list_no_filter_returns_both" time="0.359" /><testcase classname="tests.test_clann_iteration2.TestAdminAuth" name="test_admin_login_wrong_password" time="0.054" /><testcase classname="tests.test_clann_iteration2.TestAdminAuth" name="test_admin_stats_requires_token" time="0.055" /><testcase classname="tests.test_clann_iteration2.TestAdminAuth" name="test_admin_stats_with_token" time="0.191" /><testcase classname="tests.test_clann_iteration2.TestWhatsAppToggle" name="test_toggle_unauth_401" time="0.056" /><testcase classname="tests.test_clann_iteration4.TestIsGovernmentField" name="test_put_updates_is_government_flag" time="0.414" /><testcase classname="tests.test_clann_iteration2.TestWhatsAppToggle" name="test_toggle_enabled_true" time="0.059" /><testcase classname="tests.test_clann_iteration2.TestWhatsAppToggle" name="test_toggle_enabled_false" time="0.058" /><testcase classname="tests.test_clann_iteration2.TestCompleteProfile" name="test_complete_profile_without_phone" time="0.063" /><testcase classname="tests.test_clann_iteration2.TestCompleteProfile" name="test_complete_profile_with_phone" time="0.059" /><testcase classname="tests.test_clann_iteration2.TestCompleteProfile" name="test_complete_profile_unauth" time="0.058" /><testcase classname="tests.test_clann_iteration2.TestEventReminderToggle" name="test_unauth" time="0.056" /><testcase classname="tests.test_clann_iteration2.TestEventReminderToggle" name="test_toggle_on_and_off" time="0.323" /><testcase classname="tests.test_clann_iteration2.TestFeedback" name="test_submit_unauth" time="0.056" /><testcase classname="tests.test_clann_iteration2.TestFeedback" name="test_submit_valid" time="0.060" /><testcase classname="tests.test_clann_iteration2.TestFeedback" name="test_rating_out_of_range" time="0.100" /><testcase classname="tests.test_clann_iteration2.TestFeedback" name="test_text_clipped_to_300" time="0.049" /><testcase classname="tests.test_clann_iteration2.TestAdminFeedback" name="test_admin_feedback_requires_token" time="0.049" /><testcase classname="tests.test_clann_iteration2.TestEventReminderToggle" name="test_reminder_prefs_unauth" time="0.051" /><testcase classname="tests.test_clann_iteration2.TestAdminFeedback" name="test_admin_feedback_with_token" time="0.105" /><testcase classname="tests.test_clann_iteration2.TestHealth" name="test_root" time="0.098" /><testcase classname="tests.test_clann_iteration4.TestSeededListing" name="test_seeded_events_visible" time="0.052" /><testcase classname="tests.test_clann_iteration2.TestHealth" name="test_list_events" time="0.057" /><testcase classname="tests.test_clann_iteration2.TestSaveFlow" name="test_save_flow" time="0.429" /><testcase classname="tests.test_clann_iteration2.TestEventCRUD" name="test_create_event_empty_external_link" time="0.477" /></testsuite></testsuites>