<?xml version="1.0" encoding="utf-8"?><testsuites name="pytest tests"><testsuite name="pytest" errors="0" failures="0" skipped="0" tests="28" time="2.703" timestamp="2026-07-16T09:17:27.650582+00:00" hostname="agent-env-4de22498-c913-46c6-8c05-c89b30aa7030"><testcase classname="tests.test_clann_iteration2.TestAdminAuth" name="test_admin_login_success" time="0.325" /><testcase classname="tests.test_clann_iteration2.TestRegisterEvent" name="test_register_unauth" time="0.384" /><testcase classname="tests.test_clann_iteration2.TestAdminAuth" name="test_admin_login_wrong_password" time="0.041" /><testcase classname="tests.test_clann_iteration2.TestAdminAuth" name="test_admin_stats_requires_token" time="0.042" /><testcase classname="tests.test_clann_iteration2.TestRegisterEvent" name="test_register_and_list" time="0.173" /><testcase classname="tests.test_clann_iteration2.TestAdminAuth" name="test_admin_stats_with_token" time="0.126" /><testcase classname="tests.test_clann_iteration2.TestFeedback" name="test_submit_unauth" time="0.043" /><testcase classname="tests.test_clann_iteration2.TestRegisterEvent" name="test_register_idempotent" time="0.173" /><testcase classname="tests.test_clann_iteration2.TestFeedback" name="test_submit_valid" time="0.060" /><testcase classname="tests.test_clann_iteration2.TestFeedback" name="test_rating_out_of_range" time="0.133" /><testcase classname="tests.test_clann_iteration2.TestRegisterEvent" name="test_register_nonexistent_event" time="0.044" /><testcase classname="tests.test_clann_iteration2.TestFeedback" name="test_text_clipped_to_300" time="0.044" /><testcase classname="tests.test_clann_iteration2.TestRegisterEvent" name="test_registered_unauth" time="0.044" /><testcase classname="tests.test_clann_iteration2.TestWhatsAppToggle" name="test_toggle_unauth_401" time="0.045" /><testcase classname="tests.test_clann_iteration2.TestCompleteProfile" name="test_complete_profile_without_phone" time="0.045" /><testcase classname="tests.test_clann_iteration2.TestWhatsAppToggle" name="test_toggle_enabled_true" time="0.045" /><testcase classname="tests.test_clann_iteration2.TestCompleteProfile" name="test_complete_profile_with_phone" time="0.046" /><testcase classname="tests.test_clann_iteration2.TestWhatsAppToggle" name="test_toggle_enabled_false" time="0.047" /><testcase classname="tests.test_clann_iteration2.TestCompleteProfile" name="test_complete_profile_unauth" time="0.042" /><testcase classname="tests.test_clann_iteration2.TestHealth" name="test_root" time="0.084" /><testcase classname="tests.test_clann_iteration2.TestEventReminderToggle" name="test_unauth" time="0.044" /><testcase classname="tests.test_clann_iteration2.TestEventReminderToggle" name="test_toggle_on_and_off" time="0.349" /><testcase classname="tests.test_clann_iteration2.TestHealth" name="test_list_events" time="0.043" /><testcase classname="tests.test_clann_iteration2.TestAdminFeedback" name="test_admin_feedback_requires_token" time="0.042" /><testcase classname="tests.test_clann_iteration2.TestAdminFeedback" name="test_admin_feedback_with_token" time="0.242" /><testcase classname="tests.test_clann_iteration2.TestEventReminderToggle" name="test_reminder_prefs_unauth" time="0.082" /><testcase classname="tests.test_clann_iteration2.TestEventCRUD" name="test_create_event_empty_external_link" time="0.337" /><testcase classname="tests.test_clann_iteration2.TestSaveFlow" name="test_save_flow" time="0.344" /></testsuite></testsuites>